Arguments: 
  C:\Program Files\nodejs\node.exe C:\Users\bates_j\AppData\Roaming\npm\node_modules\yarn\bin\yarn.js init

PATH: 
  C:\Users\bates_j\bin;C:\Program Files\Git\mingw64\bin;C:\Program Files\Git\usr\local\bin;C:\Program Files\Git\usr\bin;C:\Program Files\Git\usr\bin;C:\Program Files\Git\mingw64\bin;C:\Program Files\Git\usr\bin;C:\Users\bates_j\bin;C:\Program Files (x86)\Business Objects\Common\3.5\bin\NOTES;C:\Program Files (x86)\Business Objects\Common\3.5\bin\NOTES\DATA;C:\WINDOWS\system32;C:\WINDOWS;C:\WINDOWS\System32\Wbem;C:\WINDOWS\System32\WindowsPowerShell\v1.0;C:\Program Files (x86)\Skype\Phone;C:\Program Files\Git\cmd;C:\Program Files\nodejs;C:\Users\bates_j\AppData\Local\Programs\Python\Python36-32\Scripts;C:\Users\bates_j\AppData\Local\Programs\Python\Python36-32;C:\Ruby24\bin;C:\Program Files\Heroku\bin;C:\Program Files\MongoDB\Server\3.4\bin;C:\Users\bates_j\AppData\Roaming\npm;C:\Program Files\Microsoft VS Code\bin;C:\Program Files\Git\usr\bin\vendor_perl;C:\Program Files\Git\usr\bin\core_perl

Yarn version: 
  1.2.1

Node version: 
  8.9.0

Platform: 
  win32 x64

npm manifest: 
  No manifest

yarn manifest: 
  No manifest

Lockfile: 
  No lockfile

Trace: 
  Error: Can't answer a question unless a user TTY
      at ConsoleReporter.question (C:\Users\bates_j\AppData\Roaming\npm\node_modules\yarn\lib\cli.js:87242:59)
      at Object.<anonymous> (C:\Users\bates_j\AppData\Roaming\npm\node_modules\yarn\lib\cli.js:81759:38)
      at Generator.next (<anonymous>)
      at step (C:\Users\bates_j\AppData\Roaming\npm\node_modules\yarn\lib\cli.js:92:30)
      at C:\Users\bates_j\AppData\Roaming\npm\node_modules\yarn\lib\cli.js:103:13
      at <anonymous>
      at process._tickCallback (internal/process/next_tick.js:188:7)
